<?xml version="1.0" encoding="UTF-8"?>
<testng-results skipped="0" failed="1" total="1" passed="0">
  <reporter-output>
  </reporter-output>
  <suite name="Suite" duration-ms="53031" started-at="2020-05-01T12:40:09Z" finished-at="2020-05-01T12:41:02Z">
    <groups>
    </groups>
    <test name="Test" duration-ms="53031" started-at="2020-05-01T12:40:09Z" finished-at="2020-05-01T12:41:02Z">
      <class name="AutomationPractice.createCustomer">
        <test-method status="PASS" signature="UrlNavigation()[pri:0, instance:AutomationPractice.createCustomer@123ef382]" name="UrlNavigation" is-config="true" duration-ms="14981" started-at="2020-05-01T18:10:09Z" finished-at="2020-05-01T18:10:24Z">
          <reporter-output>
          </reporter-output>
        </test-method> <!-- UrlNavigation -->
        <test-method status="FAIL" signature="customerDetailsImplementaion()[pri:0, instance:AutomationPractice.createCustomer@123ef382]" name="customerDetailsImplementaion" duration-ms="37860" started-at="2020-05-01T18:10:24Z" finished-at="2020-05-01T18:11:02Z">
          <exception class="org.openqa.selenium.NoSuchElementException">
            <message>
              <![CDATA[Cannot locate option with value: California
For documentation on this error, please visit: http://seleniumhq.org/exceptions/no_such_element.html
Build info: version: '3.4.0', revision: 'unknown', time: 'unknown'
System info: host: 'shubham-TravelMate-P243', ip: '127.0.1.1', os.name: 'Linux', os.arch: 'amd64', os.version: '4.4.0-177-generic', java.version: '1.8.0_252'
Driver info: driver.version: unknown]]>
            </message>
            <full-stacktrace>
              <![CDATA[org.openqa.selenium.NoSuchElementException: Cannot locate option with value: California
For documentation on this error, please visit: http://seleniumhq.org/exceptions/no_such_element.html
Build info: version: '3.4.0', revision: 'unknown', time: 'unknown'
System info: host: 'shubham-TravelMate-P243', ip: '127.0.1.1', os.name: 'Linux', os.arch: 'amd64', os.version: '4.4.0-177-generic', java.version: '1.8.0_252'
Driver info: driver.version: unknown
	at org.openqa.selenium.support.ui.Select.selectByValue(Select.java:209)
	at AutomationPractice.createCustomer.customerDetailsImplementaion(createCustomer.java:113)
	at sun.reflect.NativeMethodAccessorImpl.invoke0(Native Method)
	at sun.reflect.NativeMethodAccessorImpl.invoke(NativeMethodAccessorImpl.java:62)
	at sun.reflect.DelegatingMethodAccessorImpl.invoke(DelegatingMethodAccessorImpl.java:43)
	at java.lang.reflect.Method.invoke(Method.java:498)
	at org.testng.internal.MethodInvocationHelper.invokeMethod(MethodInvocationHelper.java:80)
	at org.testng.internal.Invoker.invokeMethod(Invoker.java:714)
	at org.testng.internal.Invoker.invokeTestMethod(Invoker.java:901)
	at org.testng.internal.Invoker.invokeTestMethods(Invoker.java:1231)
	at org.testng.internal.TestMethodWorker.invokeTestMethods(TestMethodWorker.java:127)
	at org.testng.internal.TestMethodWorker.run(TestMethodWorker.java:111)
	at org.testng.TestRunner.privateRun(TestRunner.java:767)
	at org.testng.TestRunner.run(TestRunner.java:617)
	at org.testng.SuiteRunner.runTest(SuiteRunner.java:334)
	at org.testng.SuiteRunner.runSequentially(SuiteRunner.java:329)
	at org.testng.SuiteRunner.privateRun(SuiteRunner.java:291)
	at org.testng.SuiteRunner.run(SuiteRunner.java:240)
	at org.testng.SuiteRunnerWorker.runSuite(SuiteRunnerWorker.java:52)
	at org.testng.SuiteRunnerWorker.run(SuiteRunnerWorker.java:86)
	at org.testng.TestNG.runSuitesSequentially(TestNG.java:1198)
	at org.testng.TestNG.runSuitesLocally(TestNG.java:1123)
	at org.testng.TestNG.run(TestNG.java:1031)
	at org.testng.remote.AbstractRemoteTestNG.run(AbstractRemoteTestNG.java:114)
	at org.testng.remote.RemoteTestNG.initAndRun(RemoteTestNG.java:251)
	at org.testng.remote.RemoteTestNG.main(RemoteTestNG.java:77)
]]>
            </full-stacktrace>
          </exception> <!-- org.openqa.selenium.NoSuchElementException -->
          <reporter-output>
          </reporter-output>
        </test-method> <!-- customerDetailsImplementaion -->
        <test-method status="PASS" signature="closeAllBrowser()[pri:0, instance:AutomationPractice.createCustomer@123ef382]" name="closeAllBrowser" is-config="true" duration-ms="119" started-at="2020-05-01T18:11:02Z" finished-at="2020-05-01T18:11:02Z">
          <reporter-output>
          </reporter-output>
        </test-method> <!-- closeAllBrowser -->
      </class> <!-- AutomationPractice.createCustomer -->
    </test> <!-- Test -->
  </suite> <!-- Suite -->
</testng-results>
